<?xml version="1.0" encoding="UTF-8"?>
<!-- Generated by org.testng.reporters.JUnitXMLReporter -->
<testsuite hostname="lougani-1983" ignored="0" name="Test" tests="4" failures="0" timestamp="04 Nov 2018 02:35:46 GMT" time="0.086" errors="0">
  <testcase name="Browserautomation" time="0.02" classname="qaclickacademy.SeleniumTest"/>
  <testcase name="elementUi" time="0.007" classname="qaclickacademy.SeleniumTest"/>
  <testcase name="deletTwiter" time="0.001" classname="qaclickacademy.RESTAPITest"/>
  <testcase name="postJira" time="0.001" classname="qaclickacademy.RESTAPITest"/>
</testsuite> <!-- Test -->
