<?xml version="1.0" encoding="UTF-8"?>
<!-- Generated by org.testng.reporters.JUnitXMLReporter -->
<testsuite hostname="lougani-1983" ignored="0" name="Test" tests="4" failures="0" timestamp="03 Nov 2018 02:47:02 GMT" time="0.072" errors="0">
  <testcase name="Browserautomation" time="0.012" classname="qaclickacademy.SeleniumTest"/>
  <testcase name="elementUi" time="0.001" classname="qaclickacademy.SeleniumTest"/>
  <testcase name="deletTwiter" time="0.0" classname="qaclickacademy.RESTAPITest"/>
  <testcase name="postJira" time="0.0" classname="qaclickacademy.RESTAPITest"/>
</testsuite> <!-- Test -->
