<?xml version="1.0" encoding="UTF-8"?>
<testng-results skipped="0" failed="0" ignored="0" total="4" passed="4">
  <reporter-output>
  </reporter-output>
  <suite name="Suite" duration-ms="72" started-at="2018-11-03T02:47:02Z" finished-at="2018-11-03T02:47:02Z">
    <groups>
    </groups>
    <test name="Test" duration-ms="72" started-at="2018-11-03T02:47:02Z" finished-at="2018-11-03T02:47:02Z">
      <class name="qaclickacademy.RESTAPITest">
        <test-method status="PASS" signature="deletTwiter()[pri:0, instance:qaclickacademy.RESTAPITest@61a485d2]" name="deletTwiter" duration-ms="0" started-at="2018-11-03T02:47:02Z" finished-at="2018-11-03T02:47:02Z">
          <reporter-output>
          </reporter-output>
        </test-method> <!-- deletTwiter -->
        <test-method status="PASS" signature="postJira()[pri:0, instance:qaclickacademy.RESTAPITest@61a485d2]" name="postJira" duration-ms="0" started-at="2018-11-03T02:47:02Z" finished-at="2018-11-03T02:47:02Z">
          <reporter-output>
          </reporter-output>
        </test-method> <!-- postJira -->
      </class> <!-- qaclickacademy.RESTAPITest -->
      <class name="qaclickacademy.SeleniumTest">
        <test-method status="PASS" signature="Browserautomation()[pri:0, instance:qaclickacademy.SeleniumTest@59e84876]" name="Browserautomation" duration-ms="12" started-at="2018-11-03T02:47:02Z" finished-at="2018-11-03T02:47:02Z">
          <reporter-output>
          </reporter-output>
        </test-method> <!-- Browserautomation -->
        <test-method status="PASS" signature="elementUi()[pri:0, instance:qaclickacademy.SeleniumTest@59e84876]" name="elementUi" duration-ms="1" started-at="2018-11-03T02:47:02Z" finished-at="2018-11-03T02:47:02Z">
          <reporter-output>
          </reporter-output>
        </test-method> <!-- elementUi -->
      </class> <!-- qaclickacademy.SeleniumTest -->
    </test> <!-- Test -->
  </suite> <!-- Suite -->
</testng-results>
