<?xml version="1.0" encoding="UTF-8"?>
<testng-results skipped="0" failed="0" ignored="0" total="2" passed="2">
  <reporter-output>
  </reporter-output>
  <suite name="Default suite" duration-ms="116" started-at="2018-12-07T02:19:21Z" finished-at="2018-12-07T02:19:21Z">
    <groups>
    </groups>
    <test name="Default test" duration-ms="116" started-at="2018-12-07T02:19:21Z" finished-at="2018-12-07T02:19:21Z">
      <class name="qaclickacademy.SeleniumTest">
        <test-method status="PASS" signature="Browserautomation()[pri:0, instance:qaclickacademy.SeleniumTest@4f7d0008]" name="Browserautomation" duration-ms="37" started-at="2018-12-07T02:19:21Z" finished-at="2018-12-07T02:19:21Z">
          <reporter-output>
          </reporter-output>
        </test-method> <!-- Browserautomation -->
        <test-method status="PASS" signature="elementUi()[pri:0, instance:qaclickacademy.SeleniumTest@4f7d0008]" name="elementUi" duration-ms="11" started-at="2018-12-07T02:19:21Z" finished-at="2018-12-07T02:19:21Z">
          <reporter-output>
          </reporter-output>
        </test-method> <!-- elementUi -->
      </class> <!-- qaclickacademy.SeleniumTest -->
    </test> <!-- Default test -->
  </suite> <!-- Default suite -->
</testng-results>
